2021-11-13 13:31:25 error: uncaughtException: listen EADDRINUSE: address already in use :::8000
Error: listen EADDRINUSE: address already in use :::8000
    at Server.setupListenHandle [as _listen2] (net.js:1331:16)
    at listenInCluster (net.js:1379:12)
    at Server.listen (net.js:1465:7)
    at Function.listen (/Users/dop3ch3f/Documents/Codes/NCS/node_modules/express/lib/application.js:618:24)
    at App.listen (/Users/dop3ch3f/Documents/Codes/NCS/src/app.ts:34:14)
    at Object.<anonymous> (/Users/dop3ch3f/Documents/Codes/NCS/src/server.ts:10:5)
    at Module._compile (internal/modules/cjs/loader.js:1085:14)
    at Module.m._compile (/Users/dop3ch3f/Documents/Codes/NCS/node_modules/ts-node/src/index.ts:1371:23)
    at Module._extensions..js (internal/modules/cjs/loader.js:1114:10)
    at Object.require.extensions.<computed> [as .ts] (/Users/dop3ch3f/Documents/Codes/NCS/node_modules/ts-node/src/index.ts:1374:12)
    at Module.load (internal/modules/cjs/loader.js:950:32)
    at Function.Module._load (internal/modules/cjs/loader.js:790:12)
    at Function.executeUserEntryPoint [as runMain] (internal/modules/run_main.js:76:12)
    at main (/Users/dop3ch3f/Documents/Codes/NCS/node_modules/ts-node/src/bin.ts:331:12)
    at Object.<anonymous> (/Users/dop3ch3f/Documents/Codes/NCS/node_modules/ts-node/src/bin.ts:482:3)
    at Module._compile (internal/modules/cjs/loader.js:1085:14)
2021-11-13 13:35:08 error: uncaughtException: listen EADDRINUSE: address already in use :::8000
Error: listen EADDRINUSE: address already in use :::8000
    at Server.setupListenHandle [as _listen2] (net.js:1331:16)
    at listenInCluster (net.js:1379:12)
    at Server.listen (net.js:1465:7)
    at Function.listen (/Users/dop3ch3f/Documents/Codes/NCS/node_modules/express/lib/application.js:618:24)
    at App.listen (/Users/dop3ch3f/Documents/Codes/NCS/src/app.ts:34:14)
    at Object.<anonymous> (/Users/dop3ch3f/Documents/Codes/NCS/src/server.ts:10:5)
    at Module._compile (internal/modules/cjs/loader.js:1085:14)
    at Module.m._compile (/Users/dop3ch3f/Documents/Codes/NCS/node_modules/ts-node/src/index.ts:1371:23)
    at Module._extensions..js (internal/modules/cjs/loader.js:1114:10)
    at Object.require.extensions.<computed> [as .ts] (/Users/dop3ch3f/Documents/Codes/NCS/node_modules/ts-node/src/index.ts:1374:12)
    at Module.load (internal/modules/cjs/loader.js:950:32)
    at Function.Module._load (internal/modules/cjs/loader.js:790:12)
    at Function.executeUserEntryPoint [as runMain] (internal/modules/run_main.js:76:12)
    at main (/Users/dop3ch3f/Documents/Codes/NCS/node_modules/ts-node/src/bin.ts:331:12)
    at Object.<anonymous> (/Users/dop3ch3f/Documents/Codes/NCS/node_modules/ts-node/src/bin.ts:482:3)
    at Module._compile (internal/modules/cjs/loader.js:1085:14)
2021-11-13 13:36:44 error: uncaughtException: listen EADDRINUSE: address already in use :::8000
Error: listen EADDRINUSE: address already in use :::8000
    at Server.setupListenHandle [as _listen2] (net.js:1331:16)
    at listenInCluster (net.js:1379:12)
    at Server.listen (net.js:1465:7)
    at Function.listen (/Users/dop3ch3f/Documents/Codes/NCS/node_modules/express/lib/application.js:618:24)
    at App.listen (/Users/dop3ch3f/Documents/Codes/NCS/src/app.ts:34:14)
    at Object.<anonymous> (/Users/dop3ch3f/Documents/Codes/NCS/src/server.ts:10:5)
    at Module._compile (internal/modules/cjs/loader.js:1085:14)
    at Module.m._compile (/Users/dop3ch3f/Documents/Codes/NCS/node_modules/ts-node/src/index.ts:1371:23)
    at Module._extensions..js (internal/modules/cjs/loader.js:1114:10)
    at Object.require.extensions.<computed> [as .ts] (/Users/dop3ch3f/Documents/Codes/NCS/node_modules/ts-node/src/index.ts:1374:12)
    at Module.load (internal/modules/cjs/loader.js:950:32)
    at Function.Module._load (internal/modules/cjs/loader.js:790:12)
    at Function.executeUserEntryPoint [as runMain] (internal/modules/run_main.js:76:12)
    at main (/Users/dop3ch3f/Documents/Codes/NCS/node_modules/ts-node/src/bin.ts:331:12)
    at Object.<anonymous> (/Users/dop3ch3f/Documents/Codes/NCS/node_modules/ts-node/src/bin.ts:482:3)
    at Module._compile (internal/modules/cjs/loader.js:1085:14)
2021-11-13 13:38:23 error: uncaughtException: listen EADDRINUSE: address already in use :::8000
Error: listen EADDRINUSE: address already in use :::8000
    at Server.setupListenHandle [as _listen2] (net.js:1331:16)
    at listenInCluster (net.js:1379:12)
    at Server.listen (net.js:1465:7)
    at Function.listen (/Users/dop3ch3f/Documents/Codes/NCS/node_modules/express/lib/application.js:618:24)
    at App.listen (/Users/dop3ch3f/Documents/Codes/NCS/src/app.ts:34:14)
    at Object.<anonymous> (/Users/dop3ch3f/Documents/Codes/NCS/src/server.ts:10:5)
    at Module._compile (internal/modules/cjs/loader.js:1085:14)
    at Module.m._compile (/Users/dop3ch3f/Documents/Codes/NCS/node_modules/ts-node/src/index.ts:1371:23)
    at Module._extensions..js (internal/modules/cjs/loader.js:1114:10)
    at Object.require.extensions.<computed> [as .ts] (/Users/dop3ch3f/Documents/Codes/NCS/node_modules/ts-node/src/index.ts:1374:12)
    at Module.load (internal/modules/cjs/loader.js:950:32)
    at Function.Module._load (internal/modules/cjs/loader.js:790:12)
    at Function.executeUserEntryPoint [as runMain] (internal/modules/run_main.js:76:12)
    at main (/Users/dop3ch3f/Documents/Codes/NCS/node_modules/ts-node/src/bin.ts:331:12)
    at Object.<anonymous> (/Users/dop3ch3f/Documents/Codes/NCS/node_modules/ts-node/src/bin.ts:482:3)
    at Module._compile (internal/modules/cjs/loader.js:1085:14)
2021-11-13 13:45:05 error: [POST] /start >> StatusCode:: 500, Message:: Cannot read property 'v4' of undefined
2021-11-13 13:46:38 error: uncaughtException: listen EADDRINUSE: address already in use :::8000
Error: listen EADDRINUSE: address already in use :::8000
    at Server.setupListenHandle [as _listen2] (net.js:1331:16)
    at listenInCluster (net.js:1379:12)
    at Server.listen (net.js:1465:7)
    at Function.listen (/Users/dop3ch3f/Documents/Codes/NCS/node_modules/express/lib/application.js:618:24)
    at App.listen (/Users/dop3ch3f/Documents/Codes/NCS/src/app.ts:34:14)
    at Object.<anonymous> (/Users/dop3ch3f/Documents/Codes/NCS/src/server.ts:10:5)
    at Module._compile (internal/modules/cjs/loader.js:1085:14)
    at Module.m._compile (/Users/dop3ch3f/Documents/Codes/NCS/node_modules/ts-node/src/index.ts:1371:23)
    at Module._extensions..js (internal/modules/cjs/loader.js:1114:10)
    at Object.require.extensions.<computed> [as .ts] (/Users/dop3ch3f/Documents/Codes/NCS/node_modules/ts-node/src/index.ts:1374:12)
    at Module.load (internal/modules/cjs/loader.js:950:32)
    at Function.Module._load (internal/modules/cjs/loader.js:790:12)
    at Function.executeUserEntryPoint [as runMain] (internal/modules/run_main.js:76:12)
    at main (/Users/dop3ch3f/Documents/Codes/NCS/node_modules/ts-node/src/bin.ts:331:12)
    at Object.<anonymous> (/Users/dop3ch3f/Documents/Codes/NCS/node_modules/ts-node/src/bin.ts:482:3)
    at Module._compile (internal/modules/cjs/loader.js:1085:14)
2021-11-13 13:47:17 error: uncaughtException: listen EADDRINUSE: address already in use :::8000
Error: listen EADDRINUSE: address already in use :::8000
    at Server.setupListenHandle [as _listen2] (net.js:1331:16)
    at listenInCluster (net.js:1379:12)
    at Server.listen (net.js:1465:7)
    at Function.listen (/Users/dop3ch3f/Documents/Codes/NCS/node_modules/express/lib/application.js:618:24)
    at App.listen (/Users/dop3ch3f/Documents/Codes/NCS/src/app.ts:34:14)
    at Object.<anonymous> (/Users/dop3ch3f/Documents/Codes/NCS/src/server.ts:10:5)
    at Module._compile (internal/modules/cjs/loader.js:1085:14)
    at Module.m._compile (/Users/dop3ch3f/Documents/Codes/NCS/node_modules/ts-node/src/index.ts:1371:23)
    at Module._extensions..js (internal/modules/cjs/loader.js:1114:10)
    at Object.require.extensions.<computed> [as .ts] (/Users/dop3ch3f/Documents/Codes/NCS/node_modules/ts-node/src/index.ts:1374:12)
    at Module.load (internal/modules/cjs/loader.js:950:32)
    at Function.Module._load (internal/modules/cjs/loader.js:790:12)
    at Function.executeUserEntryPoint [as runMain] (internal/modules/run_main.js:76:12)
    at main (/Users/dop3ch3f/Documents/Codes/NCS/node_modules/ts-node/src/bin.ts:331:12)
    at Object.<anonymous> (/Users/dop3ch3f/Documents/Codes/NCS/node_modules/ts-node/src/bin.ts:482:3)
    at Module._compile (internal/modules/cjs/loader.js:1085:14)
2021-11-13 13:47:59 error: uncaughtException: listen EADDRINUSE: address already in use :::8000
Error: listen EADDRINUSE: address already in use :::8000
    at Server.setupListenHandle [as _listen2] (net.js:1331:16)
    at listenInCluster (net.js:1379:12)
    at Server.listen (net.js:1465:7)
    at Function.listen (/Users/dop3ch3f/Documents/Codes/NCS/node_modules/express/lib/application.js:618:24)
    at App.listen (/Users/dop3ch3f/Documents/Codes/NCS/src/app.ts:34:14)
    at Object.<anonymous> (/Users/dop3ch3f/Documents/Codes/NCS/src/server.ts:10:5)
    at Module._compile (internal/modules/cjs/loader.js:1085:14)
    at Module.m._compile (/Users/dop3ch3f/Documents/Codes/NCS/node_modules/ts-node/src/index.ts:1371:23)
    at Module._extensions..js (internal/modules/cjs/loader.js:1114:10)
    at Object.require.extensions.<computed> [as .ts] (/Users/dop3ch3f/Documents/Codes/NCS/node_modules/ts-node/src/index.ts:1374:12)
    at Module.load (internal/modules/cjs/loader.js:950:32)
    at Function.Module._load (internal/modules/cjs/loader.js:790:12)
    at Function.executeUserEntryPoint [as runMain] (internal/modules/run_main.js:76:12)
    at main (/Users/dop3ch3f/Documents/Codes/NCS/node_modules/ts-node/src/bin.ts:331:12)
    at Object.<anonymous> (/Users/dop3ch3f/Documents/Codes/NCS/node_modules/ts-node/src/bin.ts:482:3)
    at Module._compile (internal/modules/cjs/loader.js:1085:14)
2021-11-13 13:48:33 error: uncaughtException: listen EADDRINUSE: address already in use :::8000
Error: listen EADDRINUSE: address already in use :::8000
    at Server.setupListenHandle [as _listen2] (net.js:1331:16)
    at listenInCluster (net.js:1379:12)
    at Server.listen (net.js:1465:7)
    at Function.listen (/Users/dop3ch3f/Documents/Codes/NCS/node_modules/express/lib/application.js:618:24)
    at App.listen (/Users/dop3ch3f/Documents/Codes/NCS/src/app.ts:34:14)
    at Object.<anonymous> (/Users/dop3ch3f/Documents/Codes/NCS/src/server.ts:10:5)
    at Module._compile (internal/modules/cjs/loader.js:1085:14)
    at Module.m._compile (/Users/dop3ch3f/Documents/Codes/NCS/node_modules/ts-node/src/index.ts:1371:23)
    at Module._extensions..js (internal/modules/cjs/loader.js:1114:10)
    at Object.require.extensions.<computed> [as .ts] (/Users/dop3ch3f/Documents/Codes/NCS/node_modules/ts-node/src/index.ts:1374:12)
    at Module.load (internal/modules/cjs/loader.js:950:32)
    at Function.Module._load (internal/modules/cjs/loader.js:790:12)
    at Function.executeUserEntryPoint [as runMain] (internal/modules/run_main.js:76:12)
    at main (/Users/dop3ch3f/Documents/Codes/NCS/node_modules/ts-node/src/bin.ts:331:12)
    at Object.<anonymous> (/Users/dop3ch3f/Documents/Codes/NCS/node_modules/ts-node/src/bin.ts:482:3)
    at Module._compile (internal/modules/cjs/loader.js:1085:14)
2021-11-13 13:49:26 error: uncaughtException: write EIO
Error: write EIO
    at afterWriteDispatched (internal/stream_base_commons.js:156:25)
    at writeGeneric (internal/stream_base_commons.js:147:3)
    at WriteStream.Socket._writeGeneric (net.js:798:11)
    at WriteStream.Socket._write (net.js:810:8)
    at writeOrBuffer (internal/streams/writable.js:358:12)
    at WriteStream.Writable.write (internal/streams/writable.js:303:10)
    at Console.log (/Users/dop3ch3f/Documents/Codes/NCS/node_modules/winston/lib/winston/transports/console.js:79:23)
    at Console._write (/Users/dop3ch3f/Documents/Codes/NCS/node_modules/winston-transport/index.js:103:17)
    at doWrite (/Users/dop3ch3f/Documents/Codes/NCS/node_modules/readable-stream/lib/_stream_writable.js:428:64)
    at writeOrBuffer (/Users/dop3ch3f/Documents/Codes/NCS/node_modules/readable-stream/lib/_stream_writable.js:417:5)
    at Console.Writable.write (/Users/dop3ch3f/Documents/Codes/NCS/node_modules/readable-stream/lib/_stream_writable.js:334:11)
    at DerivedLogger.ondata (/Users/dop3ch3f/Documents/Codes/NCS/node_modules/winston/node_modules/readable-stream/lib/_stream_readable.js:681:20)
    at DerivedLogger.emit (events.js:412:35)
    at DerivedLogger.emit (domain.js:475:12)
    at addChunk (/Users/dop3ch3f/Documents/Codes/NCS/node_modules/winston/node_modules/readable-stream/lib/_stream_readable.js:298:12)
    at readableAddChunk (/Users/dop3ch3f/Documents/Codes/NCS/node_modules/winston/node_modules/readable-stream/lib/_stream_readable.js:280:11)
2021-11-13 13:52:57 error: [POST] /start >> StatusCode:: 500, Message:: Invalid id: "001733351248.dkr.ecr.us-east-2.amazonaws.com/docker-dash:latest" (expecting "ami-...")
2021-11-13 15:34:06 error: [POST] /start >> StatusCode:: 500, Message:: The key pair 'ncs-9c88261a-3ef7-4c50-8138-65fac985693e' does not exist
2021-11-13 15:41:15 error: [POST] /start >> StatusCode:: 500, Message:: In order to use this AWS Marketplace product you need to accept terms and subscribe. To do so please visit https://aws.amazon.com/marketplace/pp?sku=3yjxifkky8yejbw1q3l31fvzj
2021-11-13 15:42:14 error: [POST] /start >> StatusCode:: 500, Message:: In order to use this AWS Marketplace product you need to accept terms and subscribe. To do so please visit https://aws.amazon.com/marketplace/pp?sku=1htd1nvap25perhmg26u0fmz0
2021-11-13 17:09:23 error: [POST] /start >> StatusCode:: 500, Message:: In order to use this AWS Marketplace product you need to accept terms and subscribe. To do so please visit https://aws.amazon.com/marketplace/pp?sku=1akjydw206kw9sz0t0ztmv0dq
2021-11-13 17:54:02 error: [POST] /start >> StatusCode:: 500, Message:: The image id '[ami-0241ed70a78a11b19]' does not exist
2021-11-13 17:55:10 error: [POST] /start >> StatusCode:: 500, Message:: The image id '[ami-0241ed70a78a11b19]' does not exist
2021-11-13 17:58:14 error: [POST] /start >> StatusCode:: 500, Message:: The image id '[ami-0f9b7db2742a82379]' does not exist
2021-11-13 23:00:35 error: uncaughtException: Cannot read property 'KubeConfig' of undefined
TypeError: Cannot read property 'KubeConfig' of undefined
    at Object.<anonymous> (/Users/dop3ch3f/Documents/Codes/NCS/src/services/index.service.ts:13:20)
    at Module._compile (internal/modules/cjs/loader.js:1085:14)
    at Module.m._compile (/Users/dop3ch3f/Documents/Codes/NCS/node_modules/ts-node/src/index.ts:1371:23)
    at Module._extensions..js (internal/modules/cjs/loader.js:1114:10)
    at Object.require.extensions.<computed> [as .ts] (/Users/dop3ch3f/Documents/Codes/NCS/node_modules/ts-node/src/index.ts:1374:12)
    at Module.load (internal/modules/cjs/loader.js:950:32)
    at Function.Module._load (internal/modules/cjs/loader.js:790:12)
    at Module.require (internal/modules/cjs/loader.js:974:19)
    at require (internal/modules/cjs/helpers.js:93:18)
    at Object.<anonymous> (/Users/dop3ch3f/Documents/Codes/NCS/src/controllers/index.controller.ts:2:1)
    at Module._compile (internal/modules/cjs/loader.js:1085:14)
    at Module.m._compile (/Users/dop3ch3f/Documents/Codes/NCS/node_modules/ts-node/src/index.ts:1371:23)
    at Module._extensions..js (internal/modules/cjs/loader.js:1114:10)
    at Object.require.extensions.<computed> [as .ts] (/Users/dop3ch3f/Documents/Codes/NCS/node_modules/ts-node/src/index.ts:1374:12)
    at Module.load (internal/modules/cjs/loader.js:950:32)
    at Function.Module._load (internal/modules/cjs/loader.js:790:12)
2021-11-13 23:01:26 error: uncaughtException: Cannot read property 'KubeConfig' of undefined
TypeError: Cannot read property 'KubeConfig' of undefined
    at Object.<anonymous> (/Users/dop3ch3f/Documents/Codes/NCS/src/services/index.service.ts:13:20)
    at Module._compile (internal/modules/cjs/loader.js:1085:14)
    at Module.m._compile (/Users/dop3ch3f/Documents/Codes/NCS/node_modules/ts-node/src/index.ts:1371:23)
    at Module._extensions..js (internal/modules/cjs/loader.js:1114:10)
    at Object.require.extensions.<computed> [as .ts] (/Users/dop3ch3f/Documents/Codes/NCS/node_modules/ts-node/src/index.ts:1374:12)
    at Module.load (internal/modules/cjs/loader.js:950:32)
    at Function.Module._load (internal/modules/cjs/loader.js:790:12)
    at Module.require (internal/modules/cjs/loader.js:974:19)
    at require (internal/modules/cjs/helpers.js:93:18)
    at Object.<anonymous> (/Users/dop3ch3f/Documents/Codes/NCS/src/controllers/index.controller.ts:2:1)
    at Module._compile (internal/modules/cjs/loader.js:1085:14)
    at Module.m._compile (/Users/dop3ch3f/Documents/Codes/NCS/node_modules/ts-node/src/index.ts:1371:23)
    at Module._extensions..js (internal/modules/cjs/loader.js:1114:10)
    at Object.require.extensions.<computed> [as .ts] (/Users/dop3ch3f/Documents/Codes/NCS/node_modules/ts-node/src/index.ts:1374:12)
    at Module.load (internal/modules/cjs/loader.js:950:32)
    at Function.Module._load (internal/modules/cjs/loader.js:790:12)
