2021-11-12 00:01:05 error: uncaughtException: config is not defined
ReferenceError: config is not defined
    at App.initializeMiddlewares (/Users/dop3ch3f/Documents/Codes/NCS/src/app.ts:55:25)
    at new App (/Users/dop3ch3f/Documents/Codes/NCS/src/app.ts:27:10)
    at Object.<anonymous> (/Users/dop3ch3f/Documents/Codes/NCS/src/server.ts:10:13)
    at Module._compile (internal/modules/cjs/loader.js:1085:14)
    at Module.m._compile (/Users/dop3ch3f/Documents/Codes/NCS/node_modules/ts-node/src/index.ts:1371:23)
    at Module._extensions..js (internal/modules/cjs/loader.js:1114:10)
    at Object.require.extensions.<computed> [as .ts] (/Users/dop3ch3f/Documents/Codes/NCS/node_modules/ts-node/src/index.ts:1374:12)
    at Module.load (internal/modules/cjs/loader.js:950:32)
    at Function.Module._load (internal/modules/cjs/loader.js:790:12)
    at Function.executeUserEntryPoint [as runMain] (internal/modules/run_main.js:76:12)
    at main (/Users/dop3ch3f/Documents/Codes/NCS/node_modules/ts-node/src/bin.ts:331:12)
    at Object.<anonymous> (/Users/dop3ch3f/Documents/Codes/NCS/node_modules/ts-node/src/bin.ts:482:3)
    at Module._compile (internal/modules/cjs/loader.js:1085:14)
    at Object.Module._extensions..js (internal/modules/cjs/loader.js:1114:10)
    at Module.load (internal/modules/cjs/loader.js:950:32)
    at Function.Module._load (internal/modules/cjs/loader.js:790:12)
2021-11-12 00:02:39 error: uncaughtException: config is not defined
ReferenceError: config is not defined
    at App.initializeMiddlewares (/Users/dop3ch3f/Documents/Codes/NCS/src/app.ts:56:33)
    at new App (/Users/dop3ch3f/Documents/Codes/NCS/src/app.ts:27:10)
    at Object.<anonymous> (/Users/dop3ch3f/Documents/Codes/NCS/src/server.ts:10:13)
    at Module._compile (internal/modules/cjs/loader.js:1085:14)
    at Module.m._compile (/Users/dop3ch3f/Documents/Codes/NCS/node_modules/ts-node/src/index.ts:1371:23)
    at Module._extensions..js (internal/modules/cjs/loader.js:1114:10)
    at Object.require.extensions.<computed> [as .ts] (/Users/dop3ch3f/Documents/Codes/NCS/node_modules/ts-node/src/index.ts:1374:12)
    at Module.load (internal/modules/cjs/loader.js:950:32)
    at Function.Module._load (internal/modules/cjs/loader.js:790:12)
    at Function.executeUserEntryPoint [as runMain] (internal/modules/run_main.js:76:12)
    at main (/Users/dop3ch3f/Documents/Codes/NCS/node_modules/ts-node/src/bin.ts:331:12)
    at Object.<anonymous> (/Users/dop3ch3f/Documents/Codes/NCS/node_modules/ts-node/src/bin.ts:482:3)
    at Module._compile (internal/modules/cjs/loader.js:1085:14)
    at Object.Module._extensions..js (internal/modules/cjs/loader.js:1114:10)
    at Module.load (internal/modules/cjs/loader.js:950:32)
    at Function.Module._load (internal/modules/cjs/loader.js:790:12)
