2021-11-14 00:30:43 info: =================================
2021-11-14 00:30:43 info: ======= ENV: development =======
2021-11-14 00:30:43 info: 🚀 App listening on the port 8000
2021-11-14 00:30:43 info: =================================
2021-11-14 00:31:22 info: [0mPOST /start [32m200[0m 3069.298 ms - -[0m
2021-11-14 02:06:53 info: =================================
2021-11-14 02:06:53 info: ======= ENV: development =======
2021-11-14 02:06:53 info: 🚀 App listening on the port 8000
2021-11-14 02:06:53 info: =================================
2021-11-14 02:08:37 info: =================================
2021-11-14 02:08:37 info: ======= ENV: development =======
2021-11-14 02:08:37 info: 🚀 App listening on the port 8000
2021-11-14 02:08:37 info: =================================
2021-11-14 02:09:59 info: =================================
2021-11-14 02:09:59 info: ======= ENV: development =======
2021-11-14 02:09:59 info: 🚀 App listening on the port 8000
2021-11-14 02:09:59 info: =================================
2021-11-14 02:10:16 info: =================================
2021-11-14 02:10:16 info: ======= ENV: development =======
2021-11-14 02:10:16 info: 🚀 App listening on the port 8000
2021-11-14 02:10:16 info: =================================
2021-11-14 02:10:48 info: =================================
2021-11-14 02:10:48 info: ======= ENV: development =======
2021-11-14 02:10:48 info: 🚀 App listening on the port 8000
2021-11-14 02:10:48 info: =================================
2021-11-14 02:15:10 info: =================================
2021-11-14 02:15:10 info: ======= ENV: development =======
2021-11-14 02:15:10 info: 🚀 App listening on the port 8000
2021-11-14 02:15:10 info: =================================
2021-11-14 02:15:24 info: [0mPOST /start [32m200[0m 3921.348 ms - -[0m
2021-11-14 02:18:15 info: =================================
2021-11-14 02:18:15 info: ======= ENV: development =======
2021-11-14 02:18:15 info: 🚀 App listening on the port 8000
2021-11-14 02:18:15 info: =================================
2021-11-14 02:18:25 info: =================================
2021-11-14 02:18:25 info: ======= ENV: development =======
2021-11-14 02:18:25 info: 🚀 App listening on the port 8000
2021-11-14 02:18:25 info: =================================
2021-11-14 02:19:18 info: =================================
2021-11-14 02:19:18 info: ======= ENV: development =======
2021-11-14 02:19:18 info: 🚀 App listening on the port 8000
2021-11-14 02:19:18 info: =================================
2021-11-14 02:19:28 info: =================================
2021-11-14 02:19:28 info: ======= ENV: development =======
2021-11-14 02:19:28 info: 🚀 App listening on the port 8000
2021-11-14 02:19:28 info: =================================
2021-11-14 02:19:54 info: =================================
2021-11-14 02:19:54 info: ======= ENV: development =======
2021-11-14 02:19:54 info: 🚀 App listening on the port 8000
2021-11-14 02:19:54 info: =================================
2021-11-14 02:20:24 info: =================================
2021-11-14 02:20:24 info: ======= ENV: development =======
2021-11-14 02:20:24 info: 🚀 App listening on the port 8000
2021-11-14 02:20:24 info: =================================
2021-11-14 02:20:39 info: =================================
2021-11-14 02:20:39 info: ======= ENV: development =======
2021-11-14 02:20:39 info: 🚀 App listening on the port 8000
2021-11-14 02:20:39 info: =================================
2021-11-14 02:21:19 info: =================================
2021-11-14 02:21:19 info: ======= ENV: development =======
2021-11-14 02:21:19 info: 🚀 App listening on the port 8000
2021-11-14 02:21:19 info: =================================
2021-11-14 02:30:33 info: =================================
2021-11-14 02:30:33 info: ======= ENV: development =======
2021-11-14 02:30:33 info: 🚀 App listening on the port 8000
2021-11-14 02:30:33 info: =================================
2021-11-14 02:45:23 error: [POST] /start >> StatusCode:: 500, Message:: The pending instance 'i-03e609c2bf1a4084f' is not in a valid state for this operation.
2021-11-14 02:45:23 info: [0mPOST /start [31m500[0m 7482.327 ms - 414[0m
2021-11-14 02:47:36 info: =================================
2021-11-14 02:47:36 info: ======= ENV: development =======
2021-11-14 02:47:36 info: 🚀 App listening on the port 8000
2021-11-14 02:47:36 info: =================================
2021-11-14 02:48:36 info: =================================
2021-11-14 02:48:36 info: ======= ENV: development =======
2021-11-14 02:48:36 info: 🚀 App listening on the port 8000
2021-11-14 02:48:36 info: =================================
2021-11-14 02:48:46 info: =================================
2021-11-14 02:48:46 info: ======= ENV: development =======
2021-11-14 02:48:46 info: 🚀 App listening on the port 8000
2021-11-14 02:48:46 info: =================================
2021-11-14 02:48:48 info: =================================
2021-11-14 02:48:48 info: ======= ENV: development =======
2021-11-14 02:48:48 info: 🚀 App listening on the port 8000
2021-11-14 02:48:48 info: =================================
2021-11-14 02:49:15 error: [POST] /start >> StatusCode:: 500, Message:: The pending instance 'i-0a86f95865b6a5ffc' is not in a valid state for this operation.
2021-11-14 02:49:15 info: [0mPOST /start [31m500[0m 17808.776 ms - 413[0m
2021-11-14 02:49:39 info: =================================
2021-11-14 02:49:39 info: ======= ENV: development =======
2021-11-14 02:49:39 info: 🚀 App listening on the port 8000
2021-11-14 02:49:39 info: =================================
2021-11-14 02:50:18 info: [0mPOST /start [32m200[0m 37144.108 ms - -[0m
2021-11-14 03:18:46 info: =================================
2021-11-14 03:18:46 info: ======= ENV: development =======
2021-11-14 03:18:46 info: 🚀 App listening on the port 8000
2021-11-14 03:18:46 info: =================================
2021-11-14 03:19:30 info: [0mPOST /start [32m200[0m 39230.929 ms - -[0m
2021-11-14 03:25:44 error: [POST] /start >> StatusCode:: 500, Message:: The maximum number of addresses has been reached.
2021-11-14 03:25:44 info: [0mPOST /start [31m500[0m 34079.503 ms - 344[0m
2021-11-14 03:29:43 info: [0mPOST /start [32m200[0m 36347.945 ms - -[0m
2021-11-14 14:42:12 info: =================================
2021-11-14 14:42:12 info: ======= ENV: development =======
2021-11-14 14:42:12 info: 🚀 App listening on the port 8000
2021-11-14 14:42:12 info: =================================
2021-11-14 14:42:40 info: =================================
2021-11-14 14:42:40 info: ======= ENV: development =======
2021-11-14 14:42:40 info: 🚀 App listening on the port 8000
2021-11-14 14:42:40 info: =================================
2021-11-14 14:43:30 info: =================================
2021-11-14 14:43:30 info: ======= ENV: development =======
2021-11-14 14:43:30 info: 🚀 App listening on the port 8000
2021-11-14 14:43:30 info: =================================
2021-11-14 14:47:14 info: =================================
2021-11-14 14:47:14 info: ======= ENV: development =======
2021-11-14 14:47:14 info: 🚀 App listening on the port 8000
2021-11-14 14:47:14 info: =================================
2021-11-14 14:47:55 info: =================================
2021-11-14 14:47:55 info: ======= ENV: development =======
2021-11-14 14:47:55 info: 🚀 App listening on the port 8000
2021-11-14 14:47:55 info: =================================
2021-11-14 14:50:07 info: =================================
2021-11-14 14:50:07 info: ======= ENV: development =======
2021-11-14 14:50:07 info: 🚀 App listening on the port 8000
2021-11-14 14:50:07 info: =================================
2021-11-14 14:50:23 error: [POST] /start >> StatusCode:: 500, Message:: Invalid BASE64 encoding of user data
2021-11-14 14:50:23 info: [0mPOST /start [31m500[0m 2603.070 ms - 318[0m
2021-11-14 14:53:32 info: =================================
2021-11-14 14:53:32 info: ======= ENV: development =======
2021-11-14 14:53:32 info: 🚀 App listening on the port 8000
2021-11-14 14:53:32 info: =================================
2021-11-14 14:55:27 info: =================================
2021-11-14 14:55:27 info: ======= ENV: development =======
2021-11-14 14:55:27 info: 🚀 App listening on the port 8000
2021-11-14 14:55:27 info: =================================
2021-11-14 14:55:40 info: =================================
2021-11-14 14:55:40 info: ======= ENV: development =======
2021-11-14 14:55:40 info: 🚀 App listening on the port 8000
2021-11-14 14:55:40 info: =================================
2021-11-14 14:56:01 info: =================================
2021-11-14 14:56:01 info: ======= ENV: development =======
2021-11-14 14:56:01 info: 🚀 App listening on the port 8000
2021-11-14 14:56:01 info: =================================
2021-11-14 14:56:49 info: [0mPOST /start [32m200[0m 36214.234 ms - -[0m
2021-11-14 15:02:19 info: =================================
2021-11-14 15:02:19 info: ======= ENV: development =======
2021-11-14 15:02:19 info: 🚀 App listening on the port 8000
2021-11-14 15:02:19 info: =================================
2021-11-14 15:03:22 info: =================================
2021-11-14 15:03:22 info: ======= ENV: development =======
2021-11-14 15:03:22 info: 🚀 App listening on the port 8000
2021-11-14 15:03:22 info: =================================
2021-11-14 15:18:57 info: =================================
2021-11-14 15:18:57 info: ======= ENV: development =======
2021-11-14 15:18:57 info: 🚀 App listening on the port 8000
2021-11-14 15:18:57 info: =================================
2021-11-14 15:20:23 info: =================================
2021-11-14 15:20:23 info: ======= ENV: development =======
2021-11-14 15:20:23 info: 🚀 App listening on the port 8000
2021-11-14 15:20:23 info: =================================
2021-11-14 15:20:32 info: =================================
2021-11-14 15:20:32 info: ======= ENV: development =======
2021-11-14 15:20:32 info: 🚀 App listening on the port 8000
2021-11-14 15:20:32 info: =================================
2021-11-14 15:20:50 error: [POST] /start >> StatusCode:: 500, Message:: Each network interface requires a device index.
2021-11-14 15:20:50 info: [0mPOST /start [31m500[0m 2111.975 ms - 340[0m
2021-11-14 15:21:29 info: =================================
2021-11-14 15:21:29 info: ======= ENV: development =======
2021-11-14 15:21:29 info: 🚀 App listening on the port 8000
2021-11-14 15:21:29 info: =================================
2021-11-14 15:22:57 error: [POST] /start >> StatusCode:: 500, Message:: The pending instance 'i-0350df575c563b732' is not in a valid state for this operation.
2021-11-14 15:22:57 info: [0mPOST /start [31m500[0m 35583.586 ms - 414[0m
2021-11-14 15:24:54 info: =================================
2021-11-14 15:24:54 info: ======= ENV: development =======
2021-11-14 15:24:54 info: 🚀 App listening on the port 8000
2021-11-14 15:24:54 info: =================================
2021-11-14 15:25:33 info: =================================
2021-11-14 15:25:33 info: ======= ENV: development =======
2021-11-14 15:25:33 info: 🚀 App listening on the port 8000
2021-11-14 15:25:33 info: =================================
2021-11-14 15:26:11 info: [0mPOST /start [32m200[0m 32561.241 ms - -[0m
2021-11-14 15:26:54 info: =================================
2021-11-14 15:26:54 info: ======= ENV: development =======
2021-11-14 15:26:54 info: 🚀 App listening on the port 8000
2021-11-14 15:26:54 info: =================================
2021-11-14 15:28:11 error: [POST] /start >> StatusCode:: 500, Message:: The maximum number of addresses has been reached.
2021-11-14 15:28:11 info: [0mPOST /start [31m500[0m 34481.350 ms - 344[0m
2021-11-14 15:29:04 info: =================================
2021-11-14 15:29:04 info: ======= ENV: development =======
2021-11-14 15:29:04 info: 🚀 App listening on the port 8000
2021-11-14 15:29:04 info: =================================
2021-11-14 15:30:32 info: =================================
2021-11-14 15:30:32 info: ======= ENV: development =======
2021-11-14 15:30:32 info: 🚀 App listening on the port 8000
2021-11-14 15:30:32 info: =================================
2021-11-14 15:30:53 info: =================================
2021-11-14 15:30:53 info: ======= ENV: development =======
2021-11-14 15:30:53 info: 🚀 App listening on the port 8000
2021-11-14 15:30:53 info: =================================
2021-11-14 15:31:45 info: =================================
2021-11-14 15:31:45 info: ======= ENV: development =======
2021-11-14 15:31:45 info: 🚀 App listening on the port 8000
2021-11-14 15:31:45 info: =================================
2021-11-14 15:32:29 info: =================================
2021-11-14 15:32:29 info: ======= ENV: development =======
2021-11-14 15:32:29 info: 🚀 App listening on the port 8000
2021-11-14 15:32:29 info: =================================
2021-11-14 15:34:05 info: =================================
2021-11-14 15:34:05 info: ======= ENV: development =======
2021-11-14 15:34:05 info: 🚀 App listening on the port 8000
2021-11-14 15:34:05 info: =================================
2021-11-14 15:34:16 info: =================================
2021-11-14 15:34:16 info: ======= ENV: development =======
2021-11-14 15:34:16 info: 🚀 App listening on the port 8000
2021-11-14 15:34:16 info: =================================
2021-11-14 15:19:47 info: =================================
2021-11-14 15:19:47 info: ======= ENV: development =======
2021-11-14 15:19:47 info: 🚀 App listening on the port 8000
2021-11-14 15:19:47 info: =================================
2021-11-14 21:20:41 error: [POST] /start >> StatusCode:: 500, Message:: Invalid URL: 18.119.68.46
2021-11-14 21:20:41 info: [0mPOST /start [31m500[0m 43904.185 ms - 124[0m
2021-11-14 21:22:17 info: =================================
2021-11-14 21:22:17 info: ======= ENV: development =======
2021-11-14 21:22:17 info: 🚀 App listening on the port 8000
2021-11-14 21:22:17 info: =================================
2021-11-14 21:23:23 info: =================================
2021-11-14 21:23:23 info: ======= ENV: development =======
2021-11-14 21:23:23 info: 🚀 App listening on the port 8000
2021-11-14 21:23:23 info: =================================
2021-11-14 21:24:06 info: [0mPOST /start [32m200[0m 39486.402 ms - -[0m
2021-11-14 21:43:10 info: =================================
2021-11-14 21:43:10 info: ======= ENV: development =======
2021-11-14 21:43:10 info: 🚀 App listening on the port 8000
2021-11-14 21:43:10 info: =================================
2021-11-14 21:43:42 info: [0mPOST /stop [32m200[0m 3138.698 ms - -[0m
2021-11-14 21:47:42 info: =================================
2021-11-14 21:47:42 info: ======= ENV: development =======
2021-11-14 21:47:42 info: 🚀 App listening on the port 8000
2021-11-14 21:47:42 info: =================================
2021-11-14 21:49:09 info: [0mPUT /start [32m200[0m 2363.046 ms - -[0m
2021-11-14 22:00:59 info: =================================
2021-11-14 22:00:59 info: ======= ENV: development =======
2021-11-14 22:00:59 info: 🚀 App listening on the port 8000
2021-11-14 22:00:59 info: =================================
2021-11-14 22:03:17 info: [0mGET /status/i-0091d9b99fb31d86c [32m200[0m 67.263 ms - -[0m
2021-11-14 22:07:09 info: [0mGET / [32m200[0m 1.172 ms - 66[0m
2021-11-14 22:08:55 info: [0mPOST /start [32m200[0m 36204.317 ms - -[0m
2021-11-14 22:11:08 info: [0mPOST /stop [32m200[0m 2280.399 ms - -[0m
2021-11-14 22:12:28 info: [0mGET /status/i-02e93dc89267dbe0a [32m200[0m 7.583 ms - -[0m
