2021-11-13 10:35:02 info: =================================
2021-11-13 10:35:02 info: ======= ENV: development =======
2021-11-13 10:35:02 info: 🚀 App listening on the port 8000
2021-11-13 10:35:02 info: =================================
2021-11-13 10:35:04 info: =================================
2021-11-13 10:35:04 info: ======= ENV: development =======
2021-11-13 10:35:04 info: 🚀 App listening on the port 8000
2021-11-13 10:35:04 info: =================================
2021-11-13 10:35:37 info: =================================
2021-11-13 10:35:37 info: ======= ENV: development =======
2021-11-13 10:35:37 info: 🚀 App listening on the port 8000
2021-11-13 10:35:37 info: =================================
2021-11-13 10:36:23 info: =================================
2021-11-13 10:36:23 info: ======= ENV: development =======
2021-11-13 10:36:23 info: 🚀 App listening on the port 8000
2021-11-13 10:36:23 info: =================================
2021-11-13 10:39:02 info: =================================
2021-11-13 10:39:02 info: ======= ENV: development =======
2021-11-13 10:39:02 info: 🚀 App listening on the port 8000
2021-11-13 10:39:02 info: =================================
2021-11-13 10:40:00 info: =================================
2021-11-13 10:40:00 info: ======= ENV: development =======
2021-11-13 10:40:00 info: 🚀 App listening on the port 8000
2021-11-13 10:40:00 info: =================================
2021-11-13 10:40:08 info: =================================
2021-11-13 10:40:08 info: ======= ENV: development =======
2021-11-13 10:40:08 info: 🚀 App listening on the port 8000
2021-11-13 10:40:08 info: =================================
2021-11-13 10:40:18 info: =================================
2021-11-13 10:40:18 info: ======= ENV: development =======
2021-11-13 10:40:18 info: 🚀 App listening on the port 8000
2021-11-13 10:40:18 info: =================================
2021-11-13 10:41:00 info: =================================
2021-11-13 10:41:00 info: ======= ENV: development =======
2021-11-13 10:41:00 info: 🚀 App listening on the port 8000
2021-11-13 10:41:00 info: =================================
2021-11-13 10:42:04 info: =================================
2021-11-13 10:42:04 info: ======= ENV: development =======
2021-11-13 10:42:04 info: 🚀 App listening on the port 8000
2021-11-13 10:42:04 info: =================================
2021-11-13 10:44:40 info: =================================
2021-11-13 10:44:40 info: ======= ENV: development =======
2021-11-13 10:44:40 info: 🚀 App listening on the port 8000
2021-11-13 10:44:40 info: =================================
2021-11-13 10:45:24 info: =================================
2021-11-13 10:45:24 info: ======= ENV: development =======
2021-11-13 10:45:24 info: 🚀 App listening on the port 8000
2021-11-13 10:45:24 info: =================================
2021-11-13 10:47:59 info: =================================
2021-11-13 10:47:59 info: ======= ENV: development =======
2021-11-13 10:47:59 info: 🚀 App listening on the port 8000
2021-11-13 10:47:59 info: =================================
2021-11-13 10:50:00 info: =================================
2021-11-13 10:50:00 info: ======= ENV: development =======
2021-11-13 10:50:00 info: 🚀 App listening on the port 8000
2021-11-13 10:50:00 info: =================================
2021-11-13 10:58:15 info: =================================
2021-11-13 10:58:15 info: ======= ENV: development =======
2021-11-13 10:58:15 info: 🚀 App listening on the port 8000
2021-11-13 10:58:15 info: =================================
2021-11-13 10:58:34 info: =================================
2021-11-13 10:58:34 info: ======= ENV: development =======
2021-11-13 10:58:34 info: 🚀 App listening on the port 8000
2021-11-13 10:58:34 info: =================================
2021-11-13 10:59:03 info: =================================
2021-11-13 10:59:03 info: ======= ENV: development =======
2021-11-13 10:59:03 info: 🚀 App listening on the port 8000
2021-11-13 10:59:03 info: =================================
2021-11-13 10:59:50 info: =================================
2021-11-13 10:59:50 info: ======= ENV: development =======
2021-11-13 10:59:50 info: 🚀 App listening on the port 8000
2021-11-13 10:59:50 info: =================================
2021-11-13 11:00:18 info: =================================
2021-11-13 11:00:18 info: ======= ENV: development =======
2021-11-13 11:00:18 info: 🚀 App listening on the port 8000
2021-11-13 11:00:18 info: =================================
2021-11-13 11:01:07 info: =================================
2021-11-13 11:01:07 info: ======= ENV: development =======
2021-11-13 11:01:07 info: 🚀 App listening on the port 8000
2021-11-13 11:01:07 info: =================================
2021-11-13 11:01:38 info: =================================
2021-11-13 11:01:38 info: ======= ENV: development =======
2021-11-13 11:01:38 info: 🚀 App listening on the port 8000
2021-11-13 11:01:38 info: =================================
2021-11-13 11:01:49 info: =================================
2021-11-13 11:01:49 info: ======= ENV: development =======
2021-11-13 11:01:49 info: 🚀 App listening on the port 8000
2021-11-13 11:01:49 info: =================================
2021-11-13 11:06:48 info: =================================
2021-11-13 11:06:48 info: ======= ENV: development =======
2021-11-13 11:06:48 info: 🚀 App listening on the port 8000
2021-11-13 11:06:48 info: =================================
2021-11-13 11:07:05 info: =================================
2021-11-13 11:07:05 info: ======= ENV: development =======
2021-11-13 11:07:05 info: 🚀 App listening on the port 8000
2021-11-13 11:07:05 info: =================================
2021-11-13 11:19:31 info: =================================
2021-11-13 11:19:31 info: ======= ENV: development =======
2021-11-13 11:19:31 info: 🚀 App listening on the port 8000
2021-11-13 11:19:31 info: =================================
2021-11-13 11:20:42 info: =================================
2021-11-13 11:20:42 info: ======= ENV: development =======
2021-11-13 11:20:42 info: 🚀 App listening on the port 8000
2021-11-13 11:20:42 info: =================================
2021-11-13 11:20:59 info: =================================
2021-11-13 11:20:59 info: ======= ENV: development =======
2021-11-13 11:20:59 info: 🚀 App listening on the port 8000
2021-11-13 11:20:59 info: =================================
2021-11-13 11:21:38 info: =================================
2021-11-13 11:21:38 info: ======= ENV: development =======
2021-11-13 11:21:38 info: 🚀 App listening on the port 8000
2021-11-13 11:21:38 info: =================================
2021-11-13 11:22:14 info: =================================
2021-11-13 11:22:14 info: ======= ENV: development =======
2021-11-13 11:22:14 info: 🚀 App listening on the port 8000
2021-11-13 11:22:14 info: =================================
2021-11-13 11:23:35 info: =================================
2021-11-13 11:23:35 info: ======= ENV: development =======
2021-11-13 11:23:35 info: 🚀 App listening on the port 8000
2021-11-13 11:23:35 info: =================================
2021-11-13 11:25:13 info: =================================
2021-11-13 11:25:13 info: ======= ENV: development =======
2021-11-13 11:25:13 info: 🚀 App listening on the port 8000
2021-11-13 11:25:13 info: =================================
2021-11-13 11:25:30 info: =================================
2021-11-13 11:25:30 info: ======= ENV: development =======
2021-11-13 11:25:30 info: 🚀 App listening on the port 8000
2021-11-13 11:25:30 info: =================================
2021-11-13 11:26:40 info: =================================
2021-11-13 11:26:40 info: ======= ENV: development =======
2021-11-13 11:26:40 info: 🚀 App listening on the port 8000
2021-11-13 11:26:40 info: =================================
2021-11-13 11:27:15 info: =================================
2021-11-13 11:27:15 info: ======= ENV: development =======
2021-11-13 11:27:15 info: 🚀 App listening on the port 8000
2021-11-13 11:27:15 info: =================================
2021-11-13 11:28:01 info: =================================
2021-11-13 11:28:01 info: ======= ENV: development =======
2021-11-13 11:28:01 info: 🚀 App listening on the port 8000
2021-11-13 11:28:01 info: =================================
2021-11-13 11:28:24 info: =================================
2021-11-13 11:28:24 info: ======= ENV: development =======
2021-11-13 11:28:24 info: 🚀 App listening on the port 8000
2021-11-13 11:28:24 info: =================================
2021-11-13 11:29:06 info: =================================
2021-11-13 11:29:06 info: ======= ENV: development =======
2021-11-13 11:29:06 info: 🚀 App listening on the port 8000
2021-11-13 11:29:06 info: =================================
2021-11-13 11:30:49 info: =================================
2021-11-13 11:30:49 info: ======= ENV: development =======
2021-11-13 11:30:49 info: 🚀 App listening on the port 8000
2021-11-13 11:30:49 info: =================================
2021-11-13 11:31:07 info: =================================
2021-11-13 11:31:07 info: ======= ENV: development =======
2021-11-13 11:31:07 info: 🚀 App listening on the port 8000
2021-11-13 11:31:07 info: =================================
2021-11-13 11:33:20 info: =================================
2021-11-13 11:33:20 info: ======= ENV: development =======
2021-11-13 11:33:20 info: 🚀 App listening on the port 8000
2021-11-13 11:33:20 info: =================================
2021-11-13 11:34:26 info: =================================
2021-11-13 11:34:26 info: ======= ENV: development =======
2021-11-13 11:34:26 info: 🚀 App listening on the port 8000
2021-11-13 11:34:26 info: =================================
2021-11-13 11:35:00 info: =================================
2021-11-13 11:35:00 info: ======= ENV: development =======
2021-11-13 11:35:00 info: 🚀 App listening on the port 8000
2021-11-13 11:35:00 info: =================================
2021-11-13 11:37:18 info: =================================
2021-11-13 11:37:18 info: ======= ENV: development =======
2021-11-13 11:37:18 info: 🚀 App listening on the port 8000
2021-11-13 11:37:18 info: =================================
2021-11-13 11:39:17 info: =================================
2021-11-13 11:39:17 info: ======= ENV: development =======
2021-11-13 11:39:17 info: 🚀 App listening on the port 8000
2021-11-13 11:39:17 info: =================================
2021-11-13 11:40:17 info: =================================
2021-11-13 11:40:17 info: ======= ENV: development =======
2021-11-13 11:40:17 info: 🚀 App listening on the port 8000
2021-11-13 11:40:17 info: =================================
2021-11-13 11:42:19 info: =================================
2021-11-13 11:42:19 info: ======= ENV: development =======
2021-11-13 11:42:19 info: 🚀 App listening on the port 8000
2021-11-13 11:42:19 info: =================================
2021-11-13 11:43:15 info: =================================
2021-11-13 11:43:15 info: ======= ENV: development =======
2021-11-13 11:43:15 info: 🚀 App listening on the port 8000
2021-11-13 11:43:15 info: =================================
2021-11-13 11:43:46 info: =================================
2021-11-13 11:43:46 info: ======= ENV: development =======
2021-11-13 11:43:46 info: 🚀 App listening on the port 8000
2021-11-13 11:43:46 info: =================================
2021-11-13 11:45:51 info: =================================
2021-11-13 11:45:51 info: ======= ENV: development =======
2021-11-13 11:45:51 info: 🚀 App listening on the port 8000
2021-11-13 11:45:51 info: =================================
2021-11-13 11:48:29 info: =================================
2021-11-13 11:48:29 info: ======= ENV: development =======
2021-11-13 11:48:29 info: 🚀 App listening on the port 8000
2021-11-13 11:48:29 info: =================================
2021-11-13 11:49:59 info: =================================
2021-11-13 11:49:59 info: ======= ENV: development =======
2021-11-13 11:49:59 info: 🚀 App listening on the port 8000
2021-11-13 11:49:59 info: =================================
2021-11-13 11:52:35 info: =================================
2021-11-13 11:52:35 info: ======= ENV: development =======
2021-11-13 11:52:35 info: 🚀 App listening on the port 8000
2021-11-13 11:52:35 info: =================================
2021-11-13 11:52:46 info: =================================
2021-11-13 11:52:46 info: ======= ENV: development =======
2021-11-13 11:52:46 info: 🚀 App listening on the port 8000
2021-11-13 11:52:46 info: =================================
2021-11-13 11:53:00 info: =================================
2021-11-13 11:53:00 info: ======= ENV: development =======
2021-11-13 11:53:00 info: 🚀 App listening on the port 8000
2021-11-13 11:53:00 info: =================================
2021-11-13 12:00:13 info: =================================
2021-11-13 12:00:13 info: ======= ENV: development =======
2021-11-13 12:00:13 info: 🚀 App listening on the port 8000
2021-11-13 12:00:13 info: =================================
2021-11-13 12:01:16 info: =================================
2021-11-13 12:01:16 info: ======= ENV: development =======
2021-11-13 12:01:16 info: 🚀 App listening on the port 8000
2021-11-13 12:01:16 info: =================================
2021-11-13 12:06:38 info: =================================
2021-11-13 12:06:38 info: ======= ENV: development =======
2021-11-13 12:06:38 info: 🚀 App listening on the port 8000
2021-11-13 12:06:38 info: =================================
2021-11-13 12:11:06 info: =================================
2021-11-13 12:11:06 info: ======= ENV: development =======
2021-11-13 12:11:06 info: 🚀 App listening on the port 8000
2021-11-13 12:11:06 info: =================================
2021-11-13 12:13:33 info: =================================
2021-11-13 12:13:33 info: ======= ENV: development =======
2021-11-13 12:13:33 info: 🚀 App listening on the port 8000
2021-11-13 12:13:33 info: =================================
2021-11-13 12:13:46 info: =================================
2021-11-13 12:13:46 info: ======= ENV: development =======
2021-11-13 12:13:46 info: 🚀 App listening on the port 8000
2021-11-13 12:13:46 info: =================================
2021-11-13 12:15:40 info: =================================
2021-11-13 12:15:40 info: ======= ENV: development =======
2021-11-13 12:15:40 info: 🚀 App listening on the port 8000
2021-11-13 12:15:40 info: =================================
2021-11-13 12:16:29 info: =================================
2021-11-13 12:16:29 info: ======= ENV: development =======
2021-11-13 12:16:29 info: 🚀 App listening on the port 8000
2021-11-13 12:16:29 info: =================================
2021-11-13 12:17:25 info: =================================
2021-11-13 12:17:25 info: ======= ENV: development =======
2021-11-13 12:17:25 info: 🚀 App listening on the port 8000
2021-11-13 12:17:25 info: =================================
2021-11-13 12:20:31 info: =================================
2021-11-13 12:20:31 info: ======= ENV: development =======
2021-11-13 12:20:31 info: 🚀 App listening on the port 8000
2021-11-13 12:20:31 info: =================================
2021-11-13 12:25:14 info: =================================
2021-11-13 12:25:14 info: ======= ENV: development =======
2021-11-13 12:25:14 info: 🚀 App listening on the port 8000
2021-11-13 12:25:14 info: =================================
2021-11-13 12:26:41 info: =================================
2021-11-13 12:26:41 info: ======= ENV: development =======
2021-11-13 12:26:41 info: 🚀 App listening on the port 8000
2021-11-13 12:26:41 info: =================================
2021-11-13 12:27:34 info: =================================
2021-11-13 12:27:34 info: ======= ENV: development =======
2021-11-13 12:27:34 info: 🚀 App listening on the port 8000
2021-11-13 12:27:34 info: =================================
2021-11-13 12:27:48 info: =================================
2021-11-13 12:27:48 info: ======= ENV: development =======
2021-11-13 12:27:48 info: 🚀 App listening on the port 8000
2021-11-13 12:27:48 info: =================================
2021-11-13 12:27:59 info: =================================
2021-11-13 12:27:59 info: ======= ENV: development =======
2021-11-13 12:27:59 info: 🚀 App listening on the port 8000
2021-11-13 12:27:59 info: =================================
2021-11-13 12:29:33 info: =================================
2021-11-13 12:29:33 info: ======= ENV: development =======
2021-11-13 12:29:33 info: 🚀 App listening on the port 8000
2021-11-13 12:29:33 info: =================================
2021-11-13 12:31:40 info: =================================
2021-11-13 12:31:40 info: ======= ENV: development =======
2021-11-13 12:31:40 info: 🚀 App listening on the port 8000
2021-11-13 12:31:40 info: =================================
2021-11-13 12:32:47 info: =================================
2021-11-13 12:32:47 info: ======= ENV: development =======
2021-11-13 12:32:47 info: 🚀 App listening on the port 8000
2021-11-13 12:32:47 info: =================================
2021-11-13 12:33:31 info: =================================
2021-11-13 12:33:31 info: ======= ENV: development =======
2021-11-13 12:33:31 info: 🚀 App listening on the port 8000
2021-11-13 12:33:31 info: =================================
2021-11-13 12:33:46 info: =================================
2021-11-13 12:33:46 info: ======= ENV: development =======
2021-11-13 12:33:46 info: 🚀 App listening on the port 8000
2021-11-13 12:33:46 info: =================================
2021-11-13 12:35:41 info: =================================
2021-11-13 12:35:41 info: ======= ENV: development =======
2021-11-13 12:35:41 info: 🚀 App listening on the port 8000
2021-11-13 12:35:41 info: =================================
2021-11-13 12:41:14 info: =================================
2021-11-13 12:41:14 info: ======= ENV: development =======
2021-11-13 12:41:14 info: 🚀 App listening on the port 8000
2021-11-13 12:41:14 info: =================================
2021-11-13 12:42:40 info: =================================
2021-11-13 12:42:40 info: ======= ENV: development =======
2021-11-13 12:42:40 info: 🚀 App listening on the port 8000
2021-11-13 12:42:40 info: =================================
2021-11-13 12:43:33 info: =================================
2021-11-13 12:43:33 info: ======= ENV: development =======
2021-11-13 12:43:33 info: 🚀 App listening on the port 8000
2021-11-13 12:43:33 info: =================================
2021-11-13 12:44:30 info: =================================
2021-11-13 12:44:30 info: ======= ENV: development =======
2021-11-13 12:44:30 info: 🚀 App listening on the port 8000
2021-11-13 12:44:30 info: =================================
2021-11-13 12:44:36 info: =================================
2021-11-13 12:44:36 info: ======= ENV: development =======
2021-11-13 12:44:36 info: 🚀 App listening on the port 8000
2021-11-13 12:44:36 info: =================================
2021-11-13 12:44:54 info: =================================
2021-11-13 12:44:54 info: ======= ENV: development =======
2021-11-13 12:44:54 info: 🚀 App listening on the port 8000
2021-11-13 12:44:54 info: =================================
2021-11-13 12:45:10 info: =================================
2021-11-13 12:45:10 info: ======= ENV: development =======
2021-11-13 12:45:10 info: 🚀 App listening on the port 8000
2021-11-13 12:45:10 info: =================================
2021-11-13 12:45:59 info: =================================
2021-11-13 12:45:59 info: ======= ENV: development =======
2021-11-13 12:45:59 info: 🚀 App listening on the port 8000
2021-11-13 12:45:59 info: =================================
2021-11-13 12:48:14 info: =================================
2021-11-13 12:48:14 info: ======= ENV: development =======
2021-11-13 12:48:14 info: 🚀 App listening on the port 8000
2021-11-13 12:48:14 info: =================================
2021-11-13 12:48:24 info: =================================
2021-11-13 12:48:24 info: ======= ENV: development =======
2021-11-13 12:48:24 info: 🚀 App listening on the port 8000
2021-11-13 12:48:24 info: =================================
2021-11-13 13:10:44 info: =================================
2021-11-13 13:10:44 info: ======= ENV: development =======
2021-11-13 13:10:44 info: 🚀 App listening on the port 8000
2021-11-13 13:10:44 info: =================================
2021-11-13 13:23:25 info: =================================
2021-11-13 13:23:25 info: ======= ENV: development =======
2021-11-13 13:23:25 info: 🚀 App listening on the port 8000
2021-11-13 13:23:25 info: =================================
2021-11-13 13:35:08 info: =================================
2021-11-13 13:35:08 info: ======= ENV: development =======
2021-11-13 13:35:08 info: 🚀 App listening on the port 8000
2021-11-13 13:35:08 info: =================================
2021-11-13 13:36:44 info: =================================
2021-11-13 13:36:44 info: ======= ENV: development =======
2021-11-13 13:36:44 info: 🚀 App listening on the port 8000
2021-11-13 13:36:44 info: =================================
2021-11-13 13:38:37 info: =================================
2021-11-13 13:38:37 info: ======= ENV: development =======
2021-11-13 13:38:37 info: 🚀 App listening on the port 8000
2021-11-13 13:38:37 info: =================================
2021-11-13 13:39:02 info: [0mGET / [32m200[0m 5.853 ms - 66[0m
2021-11-13 13:39:02 info: [0mGET /favicon.ico [33m404[0m 2.753 ms - 150[0m
2021-11-13 13:44:09 info: [0mGET / [32m200[0m 0.625 ms - 66[0m
2021-11-13 13:45:05 error: [POST] /start >> StatusCode:: 500, Message:: Cannot read property 'v4' of undefined
2021-11-13 13:45:05 info: [0mPOST /start [31m500[0m 8.553 ms - 90[0m
2021-11-13 13:46:38 info: =================================
2021-11-13 13:46:38 info: ======= ENV: development =======
2021-11-13 13:46:38 info: 🚀 App listening on the port 8000
2021-11-13 13:46:38 info: =================================
2021-11-13 13:52:43 info: =================================
2021-11-13 13:52:43 info: ======= ENV: development =======
2021-11-13 13:52:43 info: 🚀 App listening on the port 8000
2021-11-13 13:52:43 info: =================================
2021-11-13 13:52:57 error: [POST] /start >> StatusCode:: 500, Message:: Invalid id: "001733351248.dkr.ecr.us-east-2.amazonaws.com/docker-dash:latest" (expecting "ami-...")
2021-11-13 13:52:57 info: [0mPOST /start [31m500[0m 3384.006 ms - 453[0m
2021-11-13 15:33:58 info: =================================
2021-11-13 15:33:58 info: ======= ENV: development =======
2021-11-13 15:33:58 info: 🚀 App listening on the port 8000
2021-11-13 15:33:58 info: =================================
2021-11-13 15:34:06 error: [POST] /start >> StatusCode:: 500, Message:: The key pair 'ncs-9c88261a-3ef7-4c50-8138-65fac985693e' does not exist
2021-11-13 15:34:06 info: [0mPOST /start [31m500[0m 1990.201 ms - 388[0m
2021-11-13 15:34:31 info: =================================
2021-11-13 15:34:31 info: ======= ENV: development =======
2021-11-13 15:34:31 info: 🚀 App listening on the port 8000
2021-11-13 15:34:31 info: =================================
2021-11-13 15:34:40 info: [0mPOST /start [32m200[0m 2375.267 ms - -[0m
2021-11-13 15:41:05 info: =================================
2021-11-13 15:41:05 info: ======= ENV: development =======
2021-11-13 15:41:05 info: 🚀 App listening on the port 8000
2021-11-13 15:41:05 info: =================================
2021-11-13 15:41:15 error: [POST] /start >> StatusCode:: 500, Message:: In order to use this AWS Marketplace product you need to accept terms and subscribe. To do so please visit https://aws.amazon.com/marketplace/pp?sku=3yjxifkky8yejbw1q3l31fvzj
2021-11-13 15:41:15 info: [0mPOST /start [31m500[0m 2073.779 ms - 587[0m
2021-11-13 15:41:41 info: =================================
2021-11-13 15:41:41 info: ======= ENV: development =======
2021-11-13 15:41:41 info: 🚀 App listening on the port 8000
2021-11-13 15:41:41 info: =================================
2021-11-13 15:42:14 error: [POST] /start >> StatusCode:: 500, Message:: In order to use this AWS Marketplace product you need to accept terms and subscribe. To do so please visit https://aws.amazon.com/marketplace/pp?sku=1htd1nvap25perhmg26u0fmz0
2021-11-13 15:42:14 info: [0mPOST /start [31m500[0m 2104.741 ms - 586[0m
2021-11-13 15:51:56 info: =================================
2021-11-13 15:51:56 info: ======= ENV: development =======
2021-11-13 15:51:56 info: 🚀 App listening on the port 8000
2021-11-13 15:51:56 info: =================================
2021-11-13 15:52:03 info: [0mPOST /start [32m200[0m 2608.073 ms - -[0m
2021-11-13 15:53:55 info: =================================
2021-11-13 15:53:55 info: ======= ENV: development =======
2021-11-13 15:53:55 info: 🚀 App listening on the port 8000
2021-11-13 15:53:55 info: =================================
2021-11-13 16:20:44 info: =================================
2021-11-13 16:20:44 info: ======= ENV: development =======
2021-11-13 16:20:44 info: 🚀 App listening on the port 8000
2021-11-13 16:20:44 info: =================================
2021-11-13 16:35:45 info: =================================
2021-11-13 16:35:45 info: ======= ENV: development =======
2021-11-13 16:35:45 info: 🚀 App listening on the port 8000
2021-11-13 16:35:45 info: =================================
2021-11-13 16:38:30 info: [0mPOST /start [32m200[0m 2609.812 ms - -[0m
2021-11-13 16:43:24 info: =================================
2021-11-13 16:43:24 info: ======= ENV: development =======
2021-11-13 16:43:24 info: 🚀 App listening on the port 8000
2021-11-13 16:43:24 info: =================================
2021-11-13 17:09:17 info: =================================
2021-11-13 17:09:17 info: ======= ENV: development =======
2021-11-13 17:09:17 info: 🚀 App listening on the port 8000
2021-11-13 17:09:17 info: =================================
2021-11-13 17:09:23 error: [POST] /start >> StatusCode:: 500, Message:: In order to use this AWS Marketplace product you need to accept terms and subscribe. To do so please visit https://aws.amazon.com/marketplace/pp?sku=1akjydw206kw9sz0t0ztmv0dq
2021-11-13 17:09:23 info: [0mPOST /start [31m500[0m 2654.345 ms - 586[0m
2021-11-13 17:12:09 info: =================================
2021-11-13 17:12:09 info: ======= ENV: development =======
2021-11-13 17:12:09 info: 🚀 App listening on the port 8000
2021-11-13 17:12:09 info: =================================
2021-11-13 17:12:20 info: [0mPOST /start [32m200[0m 2597.869 ms - -[0m
2021-11-13 17:53:42 info: =================================
2021-11-13 17:53:42 info: ======= ENV: development =======
2021-11-13 17:53:42 info: 🚀 App listening on the port 8000
2021-11-13 17:53:42 info: =================================
2021-11-13 17:54:02 error: [POST] /start >> StatusCode:: 500, Message:: The image id '[ami-0241ed70a78a11b19]' does not exist
2021-11-13 17:54:02 info: [0mPOST /start [31m500[0m 2022.002 ms - 352[0m
2021-11-13 17:55:01 info: =================================
2021-11-13 17:55:01 info: ======= ENV: development =======
2021-11-13 17:55:01 info: 🚀 App listening on the port 8000
2021-11-13 17:55:01 info: =================================
2021-11-13 17:55:10 error: [POST] /start >> StatusCode:: 500, Message:: The image id '[ami-0241ed70a78a11b19]' does not exist
2021-11-13 17:55:10 info: [0mPOST /start [31m500[0m 2745.355 ms - 352[0m
2021-11-13 17:58:07 info: =================================
2021-11-13 17:58:07 info: ======= ENV: development =======
2021-11-13 17:58:07 info: 🚀 App listening on the port 8000
2021-11-13 17:58:07 info: =================================
2021-11-13 17:58:14 error: [POST] /start >> StatusCode:: 500, Message:: The image id '[ami-0f9b7db2742a82379]' does not exist
2021-11-13 17:58:14 info: [0mPOST /start [31m500[0m 2639.732 ms - 352[0m
2021-11-13 20:33:50 info: =================================
2021-11-13 20:33:50 info: ======= ENV: development =======
2021-11-13 20:33:50 info: 🚀 App listening on the port 8000
2021-11-13 20:33:50 info: =================================
2021-11-13 20:34:39 info: [0mPOST /start [32m200[0m 3338.931 ms - -[0m
2021-11-13 21:26:47 info: [0mPOST /start [32m200[0m 3283.581 ms - -[0m
2021-11-13 21:56:17 info: [0mGET / [32m200[0m 7.905 ms - 66[0m
2021-11-13 21:56:18 info: [0mGET /favicon.ico [33m404[0m 7.652 ms - 150[0m
2021-11-13 22:58:57 info: =================================
2021-11-13 22:58:57 info: ======= ENV: development =======
2021-11-13 22:58:57 info: 🚀 App listening on the port 8000
2021-11-13 22:58:57 info: =================================
2021-11-13 22:59:23 info: =================================
2021-11-13 22:59:23 info: ======= ENV: development =======
2021-11-13 22:59:23 info: 🚀 App listening on the port 8000
2021-11-13 22:59:23 info: =================================
2021-11-13 22:59:36 info: =================================
2021-11-13 22:59:36 info: ======= ENV: development =======
2021-11-13 22:59:36 info: 🚀 App listening on the port 8000
2021-11-13 22:59:36 info: =================================
2021-11-13 22:59:52 info: =================================
2021-11-13 22:59:52 info: ======= ENV: development =======
2021-11-13 22:59:52 info: 🚀 App listening on the port 8000
2021-11-13 22:59:52 info: =================================
2021-11-13 23:26:43 info: =================================
2021-11-13 23:26:43 info: ======= ENV: development =======
2021-11-13 23:26:43 info: 🚀 App listening on the port 8000
2021-11-13 23:26:43 info: =================================
2021-11-13 23:37:22 info: =================================
2021-11-13 23:37:22 info: ======= ENV: development =======
2021-11-13 23:37:22 info: 🚀 App listening on the port 8000
2021-11-13 23:37:22 info: =================================
2021-11-13 23:41:58 info: =================================
2021-11-13 23:41:58 info: ======= ENV: development =======
2021-11-13 23:41:58 info: 🚀 App listening on the port 8000
2021-11-13 23:41:58 info: =================================
2021-11-13 23:42:10 info: [0mPOST /start [32m200[0m 3312.614 ms - -[0m
